<?xml version="1.0" encoding="UTF-8"?>
<testng-results skipped="0" failed="0" ignored="0" total="1" passed="1">
  <reporter-output>
  </reporter-output>
  <suite name="Default suite" duration-ms="44998" started-at="2017-07-04T09:27:37Z" finished-at="2017-07-04T09:28:22Z">
    <groups>
    </groups>
    <test name="Default test" duration-ms="44998" started-at="2017-07-04T09:27:37Z" finished-at="2017-07-04T09:28:22Z">
      <class name="com.todo.script.Task">
        <test-method status="PASS" signature="openBrowser()[pri:0, instance:com.todo.script.Task@1c7cbad]" name="openBrowser" is-config="true" duration-ms="28718" started-at="2017-07-04T14:57:37Z" finished-at="2017-07-04T14:58:05Z">
          <reporter-output>
          </reporter-output>
        </test-method> <!-- openBrowser -->
        <test-method status="PASS" signature="multipalTask()[pri:0, instance:com.todo.script.Task@1c7cbad]" name="multipalTask" duration-ms="10672" started-at="2017-07-04T14:58:05Z" finished-at="2017-07-04T14:58:16Z">
          <reporter-output>
          </reporter-output>
        </test-method> <!-- multipalTask -->
        <test-method status="PASS" signature="CloseBrowser()[pri:0, instance:com.todo.script.Task@1c7cbad]" name="CloseBrowser" is-config="true" duration-ms="5518" started-at="2017-07-04T14:58:16Z" finished-at="2017-07-04T14:58:22Z">
          <reporter-output>
          </reporter-output>
        </test-method> <!-- CloseBrowser -->
      </class> <!-- com.todo.script.Task -->
    </test> <!-- Default test -->
  </suite> <!-- Default suite -->
</testng-results>
